<?xml version="1.0" encoding="UTF-8"?>
<!-- Generated by org.testng.reporters.JUnitReportReporter -->
<testsuite skipped="0" hostname="DESKTOP-CIM2M57" name="Demo_Framework.execution.TC_1_loginTest" tests="1" failures="0" timestamp="11 Dec 2018 10:27:38 GMT" time="16.879" errors="0">
  <testcase name="feature" time="16.879" classname="Demo_Framework.execution.TC_1_loginTest"/>
</testsuite> <!-- Demo_Framework.execution.TC_1_loginTest -->
