<?xml version="1.0" encoding="UTF-8"?>
<!-- Generated by org.testng.reporters.JUnitReportReporter -->
<testsuite skipped="0" hostname="DESKTOP-CIM2M57" name="Demo_Framework.execution.TC_4_verify_balanceSheet_report" tests="1" failures="0" timestamp="16 Dec 2018 15:14:43 GMT" time="55.048" errors="0">
  <testcase name="feature" time="55.048" classname="Demo_Framework.execution.TC_4_verify_balanceSheet_report"/>
</testsuite> <!-- Demo_Framework.execution.TC_4_verify_balanceSheet_report -->
