<?xml version="1.0" encoding="UTF-8"?>
<!-- Generated by org.testng.reporters.JUnitReportReporter -->
<testsuite skipped="0" hostname="DESKTOP-CIM2M57" name="Demo_Framework.execution.TC_3_verify_WealthRegister_Report" tests="1" failures="0" timestamp="17 Dec 2018 12:04:12 GMT" time="0.288" errors="0">
  <testcase name="feature" time="0.288" classname="Demo_Framework.execution.TC_3_verify_WealthRegister_Report"/>
</testsuite> <!-- Demo_Framework.execution.TC_3_verify_WealthRegister_Report -->
