<?xml version="1.0" encoding="UTF-8"?>
<!-- Generated by org.testng.reporters.JUnitReportReporter -->
<testsuite skipped="0" hostname="DESKTOP-CIM2M57" name="Demo_Framework.execution.readJson_Test" tests="1" failures="0" timestamp="11 Dec 2018 06:06:25 GMT" time="0.035" errors="0">
  <testcase name="JSONRead" time="0.035" classname="Demo_Framework.execution.readJson_Test"/>
</testsuite> <!-- Demo_Framework.execution.readJson_Test -->
