<?xml version="1.0" encoding="UTF-8"?>
<!-- Generated by org.testng.reporters.JUnitReportReporter -->
<testsuite skipped="0" hostname="DESKTOP-CIM2M57" name="Demo_Framework.execution.TC_1" tests="1" failures="0" timestamp="11 Dec 2018 08:42:54 GMT" time="20.972" errors="0">
  <testcase name="feature" time="20.972" classname="Demo_Framework.execution.TC_1"/>
</testsuite> <!-- Demo_Framework.execution.TC_1 -->
