<?xml version="1.0" encoding="UTF-8"?>
<!-- Generated by org.testng.reporters.JUnitReportReporter -->
<testsuite skipped="0" hostname="DESKTOP-CIM2M57" name="Demo_Framework.execution.TC_1_loginTest" tests="1" failures="0" timestamp="14 Dec 2018 09:54:29 GMT" time="12.672" errors="0">
  <testcase name="feature" time="12.672" classname="Demo_Framework.execution.TC_1_loginTest"/>
</testsuite> <!-- Demo_Framework.execution.TC_1_loginTest -->
