<?xml version="1.0" encoding="UTF-8"?>
<!-- Generated by org.testng.reporters.JUnitReportReporter -->
<testsuite skipped="0" hostname="DESKTOP-CIM2M57" name="Demo_Framework.TestRunner.TC_3_verify_WealthRegister_Report" tests="3" failures="0" timestamp="17 Dec 2018 19:01:26 GMT" time="0.060" errors="0">
  <testcase name="feature" time="0.017" classname="Demo_Framework.TestRunner.TC_3_verify_WealthRegister_Report"/>
  <testcase name="feature" time="0.028" classname="Demo_Framework.TestRunner.TC_3_verify_WealthRegister_Report"/>
  <testcase name="feature" time="0.015" classname="Demo_Framework.TestRunner.TC_3_verify_WealthRegister_Report"/>
</testsuite> <!-- Demo_Framework.TestRunner.TC_3_verify_WealthRegister_Report -->
