<?xml version="1.0" encoding="UTF-8"?>
<!-- Generated by org.testng.reporters.JUnitReportReporter -->
<testsuite skipped="0" hostname="DESKTOP-CIM2M57" name="Demo_Framework.execution.TC_3_verify_WealthRegister_Report" tests="1" failures="0" timestamp="16 Dec 2018 15:14:43 GMT" time="47.053" errors="1">
  <testcase name="feature" time="47.053" classname="Demo_Framework.execution.TC_3_verify_WealthRegister_Report">
    <error type="cucumber.runtime.CucumberException" message="java.lang.IndexOutOfBoundsException: Index: 0, Size: 0">
      <![CDATA[cucumber.runtime.CucumberException: java.lang.IndexOutOfBoundsException: Index: 0, Size: 0
at cucumber.api.testng.TestNGCucumberRunner.runCucumber(TestNGCucumberRunner.java:69)
at Demo_Framework.execution.TC_3_verify_WealthRegister_Report.feature(TC_3_verify_WealthRegister_Report.java:47)
at sun.reflect.NativeMethodAccessorImpl.invoke0(Native Method)
at sun.reflect.NativeMethodAccessorImpl.invoke(Unknown Source)
at sun.reflect.DelegatingMethodAccessorImpl.invoke(Unknown Source)
at java.lang.reflect.Method.invoke(Unknown Source)
at org.testng.internal.MethodInvocationHelper.invokeMethod(MethodInvocationHelper.java:124)
at org.testng.internal.Invoker.invokeMethod(Invoker.java:580)
at org.testng.internal.Invoker.invokeTestMethod(Invoker.java:716)
at org.testng.internal.Invoker.invokeTestMethods(Invoker.java:988)
at org.testng.internal.TestMethodWorker.invokeTestMethods(TestMethodWorker.java:125)
at org.testng.internal.TestMethodWorker.run(TestMethodWorker.java:109)
at java.util.concurrent.ThreadPoolExecutor.runWorker(Unknown Source)
at java.util.concurrent.ThreadPoolExecutor$Worker.run(Unknown Source)
at java.lang.Thread.run(Unknown Source)
Caused by: java.lang.IndexOutOfBoundsException: Index: 0, Size: 0
at java.util.ArrayList.rangeCheck(Unknown Source)
at java.util.ArrayList.get(Unknown Source)
at sun.reflect.NativeMethodAccessorImpl.invoke0(Native Method)
at sun.reflect.NativeMethodAccessorImpl.invoke(Unknown Source)
at sun.reflect.DelegatingMethodAccessorImpl.invoke(Unknown Source)
at java.lang.reflect.Method.invoke(Unknown Source)
at org.openqa.selenium.support.pagefactory.internal.LocatingElementListHandler.invoke(LocatingElementListHandler.java:39)
at com.sun.proxy.$Proxy23.get(Unknown Source)
at com.assetvantage.pageObjectClass.wealthRegisterPage.expandTheReport(wealthRegisterPage.java:178)
at com.assetvantage.StepDefination.wealthRegisterVerification_Assetvantage.detailedReportIsDisplayed(wealthRegisterVerification_Assetvantage.java:68)
at âœ½.Then All Denominated Assets are displayed on page(C:/Users/partha.das/git/BDDFrameworkForQA/demoBDDFramework/src/main/java/com/assetvantage/featureFile/wealthRegisterVerification.feature:9)
]]>
    </error>
  </testcase> <!-- feature -->
</testsuite> <!-- Demo_Framework.execution.TC_3_verify_WealthRegister_Report -->
